c:\users\robert\desktop\caphyon\caphyon\debug\vc142.pdb
c:\users\robert\desktop\caphyon\caphyon\debug\vc142.idb
c:\users\robert\desktop\caphyon\caphyon\debug\main.obj
c:\users\robert\desktop\caphyon\caphyon\debug\parkingreservation.obj
c:\users\robert\desktop\caphyon\caphyon\debug\parkspot.obj
c:\users\robert\desktop\caphyon\caphyon\debug\menu.obj
c:\users\robert\desktop\caphyon\caphyon\debug\exitoperation.obj
c:\users\robert\desktop\caphyon\caphyon\debug\exceptionoperation.obj
c:\users\robert\desktop\caphyon\caphyon\debug\displayyourreservationoperation.obj
c:\users\robert\desktop\caphyon\caphyon\debug\addaparkingspotoperation.obj
c:\users\robert\desktop\caphyon\caphyon\debug\removeaparkingspotoperation.obj
c:\users\robert\desktop\caphyon\caphyon\debug\bookaspotoperation.obj
c:\users\robert\desktop\caphyon\caphyon\debug\driver.obj
c:\users\robert\desktop\caphyon\caphyon\debug\checkexpirationoperation.obj
c:\users\robert\desktop\caphyon\caphyon\debug\removeabookedspotoperation.obj
c:\users\robert\desktop\caphyon\caphyon\debug\time.obj
c:\users\robert\desktop\caphyon\caphyon\debug\date.obj
c:\users\robert\desktop\caphyon\caphyon\debug\timeinterval.obj
c:\users\robert\desktop\caphyon\caphyon\debug\calendar.obj
c:\users\robert\desktop\caphyon\caphyon\debug\spot.obj
c:\users\robert\desktop\caphyon\caphyon\debug\expensiveinterval.obj
c:\users\robert\desktop\caphyon\debug\caphyon.exe
c:\users\robert\desktop\caphyon\debug\caphyon.ilk
c:\users\robert\desktop\caphyon\debug\caphyon.pdb
c:\users\robert\desktop\caphyon\caphyon\debug\parkingsystem.obj
c:\users\robert\desktop\caphyon\caphyon\debug\caphyon.tlog\cl.command.1.tlog
c:\users\robert\desktop\caphyon\caphyon\debug\caphyon.tlog\cl.read.1.tlog
c:\users\robert\desktop\caphyon\caphyon\debug\caphyon.tlog\cl.write.1.tlog
c:\users\robert\desktop\caphyon\caphyon\debug\caphyon.tlog\link.command.1.tlog
c:\users\robert\desktop\caphyon\caphyon\debug\caphyon.tlog\link.read.1.tlog
c:\users\robert\desktop\caphyon\caphyon\debug\caphyon.tlog\link.write.1.tlog
